
2023-11-21 09:47:32 - Le film Spiderman a bien été ajouté à la liste
2023-11-21 09:47:32 - Le film Star Wars a bien été ajouté à la liste
2023-11-21 09:47:32 - Le film Scream a bien été ajouté à la liste
2023-11-21 09:47:32 - Le film Film3 a bien été ajouté à la liste
2023-11-21 09:47:32 - Le film Film4 a bien été ajouté à la liste
2023-11-21 09:47:32 - Le film Film5 a bien été ajouté à la liste
2023-11-21 09:47:32 - Le film ('Drame', False) a bien été supprimé de la liste
2023-11-21 10:00:22 - Le film Spiderman a bien été ajouté à la liste
2023-11-21 10:00:22 - Le film Star Wars a bien été ajouté à la liste
2023-11-21 10:00:22 - Le film Scream a bien été ajouté à la liste
2023-11-21 10:00:22 - Le film Film3 a bien été ajouté à la liste
2023-11-21 10:00:22 - Le film Film4 a bien été ajouté à la liste
2023-11-21 10:00:22 - Le film Film5 a bien été ajouté à la liste
2023-11-21 10:00:22 - Le film ('Drame', False) a bien été supprimé de la liste
2023-11-21 10:01:06 - Le film Spiderman a bien été ajouté à la liste
2023-11-21 10:01:06 - Le film Star Wars a bien été ajouté à la liste
2023-11-21 10:01:06 - Le film Scream a bien été ajouté à la liste
2023-11-21 10:01:06 - Le film Film3 a bien été ajouté à la liste
2023-11-21 10:01:06 - Le film Film4 a bien été ajouté à la liste
2023-11-21 10:01:06 - Le film Film5 a bien été ajouté à la liste
2023-11-21 10:01:06 - Le film ('Drame', False) a bien été supprimé de la liste
2023-11-21 10:02:09 - Le film Spiderman a bien été ajouté à la liste
2023-11-21 10:02:09 - Le film Star Wars a bien été ajouté à la liste
2023-11-21 10:02:09 - Le film Scream a bien été ajouté à la liste
2023-11-21 10:02:09 - Le film Film3 a bien été ajouté à la liste
2023-11-21 10:02:09 - Le film Film4 a bien été ajouté à la liste
2023-11-21 10:02:09 - Le film Film5 a bien été ajouté à la liste
2023-11-21 10:02:09 - Le film ('Drame', False) a bien été supprimé de la liste
2023-11-21 10:02:26 - Le film Spiderman a bien été ajouté à la liste
2023-11-21 10:02:26 - Le film Star Wars a bien été ajouté à la liste
2023-11-21 10:02:26 - Le film Scream a bien été ajouté à la liste
2023-11-21 10:02:26 - Le film Film3 a bien été ajouté à la liste
2023-11-21 10:02:26 - Le film Film4 a bien été ajouté à la liste
2023-11-21 10:02:26 - Le film Film5 a bien été ajouté à la liste
2023-11-21 10:02:26 - Le film ('Drame', False) a bien été supprimé de la liste
2023-11-21 10:02:39 - Le film Spiderman a bien été ajouté à la liste
2023-11-21 10:02:39 - Le film Star Wars a bien été ajouté à la liste
2023-11-21 10:02:39 - Le film Scream a bien été ajouté à la liste
2023-11-21 10:02:39 - Le film Film3 a bien été ajouté à la liste
2023-11-21 10:02:39 - Le film Film4 a bien été ajouté à la liste
2023-11-21 10:02:39 - Le film Film5 a bien été ajouté à la liste
2023-11-21 10:02:39 - Le film ('Drame', False) a bien été supprimé de la liste
2023-11-21 10:02:43 - Le film Spiderman a bien été ajouté à la liste
2023-11-21 10:02:43 - Le film Star Wars a bien été ajouté à la liste
2023-11-21 10:02:43 - Le film Scream a bien été ajouté à la liste
2023-11-21 10:02:43 - Le film Film3 a bien été ajouté à la liste
2023-11-21 10:02:43 - Le film Film4 a bien été ajouté à la liste
2023-11-21 10:02:43 - Le film Film5 a bien été ajouté à la liste
2023-11-21 10:02:43 - Le film ('Drame', False) a bien été supprimé de la liste
2023-11-21 10:02:45 - Le film Spiderman a bien été ajouté à la liste
2023-11-21 10:02:45 - Le film Star Wars a bien été ajouté à la liste
2023-11-21 10:02:45 - Le film Scream a bien été ajouté à la liste
2023-11-21 10:02:45 - Le film Film3 a bien été ajouté à la liste
2023-11-21 10:02:45 - Le film Film4 a bien été ajouté à la liste
2023-11-21 10:02:45 - Le film Film5 a bien été ajouté à la liste
2023-11-21 10:02:45 - Le film ('Drame', False) a bien été supprimé de la liste
2023-11-21 10:02:47 - Le film Spiderman a bien été ajouté à la liste
2023-11-21 10:02:47 - Le film Star Wars a bien été ajouté à la liste
2023-11-21 10:02:47 - Le film Scream a bien été ajouté à la liste
2023-11-21 10:02:47 - Le film Film3 a bien été ajouté à la liste
2023-11-21 10:02:47 - Le film Film4 a bien été ajouté à la liste
2023-11-21 10:02:47 - Le film Film5 a bien été ajouté à la liste
2023-11-21 10:02:47 - Le film ('Drame', False) a bien été supprimé de la liste
2023-11-21 10:02:48 - Le film Spiderman a bien été ajouté à la liste
2023-11-21 10:02:48 - Le film Star Wars a bien été ajouté à la liste
2023-11-21 10:02:48 - Le film Scream a bien été ajouté à la liste
2023-11-21 10:02:48 - Le film Film3 a bien été ajouté à la liste
2023-11-21 10:02:48 - Le film Film4 a bien été ajouté à la liste
2023-11-21 10:02:48 - Le film Film5 a bien été ajouté à la liste
2023-11-21 10:02:48 - Le film ('Drame', False) a bien été supprimé de la liste
2023-11-21 10:02:50 - Le film Spiderman a bien été ajouté à la liste
2023-11-21 10:02:50 - Le film Star Wars a bien été ajouté à la liste
2023-11-21 10:02:50 - Le film Scream a bien été ajouté à la liste
2023-11-21 10:02:50 - Le film Film3 a bien été ajouté à la liste
2023-11-21 10:02:50 - Le film Film4 a bien été ajouté à la liste
2023-11-21 10:02:50 - Le film Film5 a bien été ajouté à la liste
2023-11-21 10:02:50 - Le film ('Drame', False) a bien été supprimé de la liste
2023-11-21 10:03:20 - Le film Spiderman a bien été ajouté à la liste
2023-11-21 10:03:20 - Le film Star Wars a bien été ajouté à la liste
2023-11-21 10:03:20 - Le film Scream a bien été ajouté à la liste
2023-11-21 10:03:20 - Le film Film3 a bien été ajouté à la liste
2023-11-21 10:03:20 - Le film Film4 a bien été ajouté à la liste
2023-11-21 10:03:20 - Le film Film5 a bien été ajouté à la liste
2023-11-21 10:03:20 - Le film ('Drame', False) a bien été supprimé de la liste
2023-11-21 10:03:22 - Le film Spiderman a bien été ajouté à la liste
2023-11-21 10:03:22 - Le film Star Wars a bien été ajouté à la liste
2023-11-21 10:03:22 - Le film Scream a bien été ajouté à la liste
2023-11-21 10:03:22 - Le film Film3 a bien été ajouté à la liste
2023-11-21 10:03:22 - Le film Film4 a bien été ajouté à la liste
2023-11-21 10:03:22 - Le film Film5 a bien été ajouté à la liste
2023-11-21 10:03:22 - Le film ('Drame', False) a bien été supprimé de la liste
2023-11-21 10:03:53 - Le film Spiderman a bien été ajouté à la liste
2023-11-21 10:03:53 - Le film Star Wars a bien été ajouté à la liste
2023-11-21 10:03:53 - Le film Scream a bien été ajouté à la liste
2023-11-21 10:03:53 - Le film Film3 a bien été ajouté à la liste
2023-11-21 10:03:53 - Le film Film4 a bien été ajouté à la liste
2023-11-21 10:03:53 - Le film Film5 a bien été ajouté à la liste
2023-11-21 10:03:53 - Le film ('Drame', False) a bien été supprimé de la liste
2023-11-21 10:04:04 - Le film Spiderman a bien été ajouté à la liste
2023-11-21 10:04:04 - Le film Star Wars a bien été ajouté à la liste
2023-11-21 10:04:04 - Le film Scream a bien été ajouté à la liste
2023-11-21 10:04:04 - Le film Film3 a bien été ajouté à la liste
2023-11-21 10:04:04 - Le film Film4 a bien été ajouté à la liste
2023-11-21 10:04:04 - Le film Film5 a bien été ajouté à la liste
2023-11-21 10:04:04 - Le film ('Drame', False) a bien été supprimé de la liste
2023-11-21 10:04:12 - Le film Spiderman a bien été ajouté à la liste
2023-11-21 10:04:12 - Le film Star Wars a bien été ajouté à la liste
2023-11-21 10:04:12 - Le film Scream a bien été ajouté à la liste
2023-11-21 10:04:12 - Le film Film3 a bien été ajouté à la liste
2023-11-21 10:04:12 - Le film Film4 a bien été ajouté à la liste
2023-11-21 10:04:12 - Le film Film5 a bien été ajouté à la liste
2023-11-21 10:04:12 - Le film ('Drame', False) a bien été supprimé de la liste
2023-11-21 10:11:01 - Le film Spiderman a bien été ajouté à la liste
2023-11-21 10:11:01 - Le film Star Wars a bien été ajouté à la liste
2023-11-21 10:11:01 - Le film Scream a bien été ajouté à la liste
2023-11-21 10:11:01 - Le film Film3 a bien été ajouté à la liste
2023-11-21 10:11:01 - Le film Film4 a bien été ajouté à la liste
2023-11-21 10:11:01 - Le film Film5 a bien été ajouté à la liste
2023-11-21 10:11:01 - Le film ('Drame', False) a bien été supprimé de la liste
2023-11-21 10:11:53 - Le film Spiderman a bien été ajouté à la liste
2023-11-21 10:11:53 - Le film Star Wars a bien été ajouté à la liste
2023-11-21 10:11:53 - Le film Scream a bien été ajouté à la liste
2023-11-21 10:11:53 - Le film Film3 a bien été ajouté à la liste
2023-11-21 10:11:53 - Le film Film4 a bien été ajouté à la liste
2023-11-21 10:11:53 - Le film Film5 a bien été ajouté à la liste
2023-11-21 10:11:53 - Le film ('Drame', False) a bien été supprimé de la liste
2023-11-21 10:12:06 - Le film Spiderman a bien été ajouté à la liste
2023-11-21 10:12:06 - Le film Star Wars a bien été ajouté à la liste
2023-11-21 10:12:06 - Le film Scream a bien été ajouté à la liste
2023-11-21 10:12:06 - Le film Film3 a bien été ajouté à la liste
2023-11-21 10:12:06 - Le film Film4 a bien été ajouté à la liste
2023-11-21 10:12:06 - Le film Film5 a bien été ajouté à la liste
2023-11-21 10:12:06 - Le film ('Drame', False) a bien été supprimé de la liste
2023-11-21 10:16:48 - Le film Spiderman a bien été ajouté à la liste
2023-11-21 10:16:48 - Le film Star Wars a bien été ajouté à la liste
2023-11-21 10:16:48 - Le film Scream a bien été ajouté à la liste
2023-11-21 10:16:48 - Le film Film3 a bien été ajouté à la liste
2023-11-21 10:16:48 - Le film Film4 a bien été ajouté à la liste
2023-11-21 10:16:48 - Le film Film5 a bien été ajouté à la liste
2023-11-21 10:16:48 - Le film ('Drame', False) a bien été supprimé de la liste
2023-11-21 10:17:27 - Le film Spiderman a bien été ajouté à la liste
2023-11-21 10:17:27 - Le film Star Wars a bien été ajouté à la liste
2023-11-21 10:17:27 - Le film Scream a bien été ajouté à la liste
2023-11-21 10:17:27 - Le film Film3 a bien été ajouté à la liste
2023-11-21 10:17:27 - Le film Film4 a bien été ajouté à la liste
2023-11-21 10:17:27 - Le film Film5 a bien été ajouté à la liste
2023-11-21 10:17:27 - Le film ('Drame', False) a bien été supprimé de la liste
2023-11-21 10:17:38 - Le film Spiderman a bien été ajouté à la liste
2023-11-21 10:17:38 - Le film Star Wars a bien été ajouté à la liste
2023-11-21 10:17:38 - Le film Scream a bien été ajouté à la liste
2023-11-21 10:17:38 - Le film Film3 a bien été ajouté à la liste
2023-11-21 10:17:38 - Le film Film4 a bien été ajouté à la liste
2023-11-21 10:17:38 - Le film Film5 a bien été ajouté à la liste
2023-11-21 10:17:38 - Le film ('Drame', False) a bien été supprimé de la liste
2023-11-21 10:17:45 - Le film Spiderman a bien été ajouté à la liste
2023-11-21 10:17:45 - Le film Star Wars a bien été ajouté à la liste
2023-11-21 10:17:45 - Le film Scream a bien été ajouté à la liste
2023-11-21 10:17:45 - Le film Film3 a bien été ajouté à la liste
2023-11-21 10:17:45 - Le film Film4 a bien été ajouté à la liste
2023-11-21 10:17:45 - Le film Film5 a bien été ajouté à la liste
2023-11-21 10:17:45 - Le film ('Drame', False) a bien été supprimé de la liste
2023-11-21 10:18:00 - Le film Spiderman a bien été ajouté à la liste
2023-11-21 10:18:00 - Le film Star Wars a bien été ajouté à la liste
2023-11-21 10:18:00 - Le film Scream a bien été ajouté à la liste
2023-11-21 10:18:00 - Le film Film3 a bien été ajouté à la liste
2023-11-21 10:18:00 - Le film Film4 a bien été ajouté à la liste
2023-11-21 10:18:00 - Le film Film5 a bien été ajouté à la liste
2023-11-21 10:18:00 - Le film ('Drame', False) a bien été supprimé de la liste
2023-11-21 10:20:27 - Le film Spiderman a bien été ajouté à la liste
2023-11-21 10:20:27 - Le film Star Wars a bien été ajouté à la liste
2023-11-21 10:20:27 - Le film Scream a bien été ajouté à la liste
2023-11-21 10:20:27 - Le film Film3 a bien été ajouté à la liste
2023-11-21 10:20:27 - Le film Film4 a bien été ajouté à la liste
2023-11-21 10:20:27 - Le film Film5 a bien été ajouté à la liste
2023-11-21 10:20:27 - Le film ('Drame', False) a bien été supprimé de la liste
2023-11-21 10:20:40 - Le film Spiderman a bien été ajouté à la liste
2023-11-21 10:20:40 - Le film Star Wars a bien été ajouté à la liste
2023-11-21 10:20:40 - Le film Scream a bien été ajouté à la liste
2023-11-21 10:20:40 - Le film Film3 a bien été ajouté à la liste
2023-11-21 10:20:40 - Le film Film4 a bien été ajouté à la liste
2023-11-21 10:20:40 - Le film Film5 a bien été ajouté à la liste
2023-11-21 10:20:40 - Le film ('Drame', False) a bien été supprimé de la liste
2023-11-21 10:20:57 - Le film Spiderman a bien été ajouté à la liste
2023-11-21 10:20:57 - Le film Star Wars a bien été ajouté à la liste
2023-11-21 10:20:57 - Le film Scream a bien été ajouté à la liste
2023-11-21 10:20:57 - Le film Film3 a bien été ajouté à la liste
2023-11-21 10:20:57 - Le film Film4 a bien été ajouté à la liste
2023-11-21 10:20:57 - Le film Film5 a bien été ajouté à la liste
2023-11-21 10:20:57 - Le film ('Drame', False) a bien été supprimé de la liste
2023-11-21 10:22:21 - Le film Spiderman a bien été ajouté à la liste
2023-11-21 10:22:21 - Le film Star Wars a bien été ajouté à la liste
2023-11-21 10:22:21 - Le film Scream a bien été ajouté à la liste
2023-11-21 10:22:21 - Le film Film3 a bien été ajouté à la liste
2023-11-21 10:22:21 - Le film Film4 a bien été ajouté à la liste
2023-11-21 10:22:21 - Le film Film5 a bien été ajouté à la liste
2023-11-21 10:22:21 - Le film ('Drame', False) a bien été supprimé de la liste
2023-11-21 10:23:04 - Le film Spiderman a bien été ajouté à la liste
2023-11-21 10:23:04 - Le film Star Wars a bien été ajouté à la liste
2023-11-21 10:23:04 - Le film Scream a bien été ajouté à la liste
2023-11-21 10:23:04 - Le film Film3 a bien été ajouté à la liste
2023-11-21 10:23:04 - Le film Film4 a bien été ajouté à la liste
2023-11-21 10:23:04 - Le film Film5 a bien été ajouté à la liste
2023-11-21 10:23:04 - Le film ('Drame', False) a bien été supprimé de la liste
2023-11-21 10:25:59 - Le film Spiderman a bien été ajouté à la liste
2023-11-21 10:25:59 - Le film Star Wars a bien été ajouté à la liste
2023-11-21 10:25:59 - Le film Scream a bien été ajouté à la liste
2023-11-21 10:25:59 - Le film Film3 a bien été ajouté à la liste
2023-11-21 10:25:59 - Le film Film4 a bien été ajouté à la liste
2023-11-21 10:25:59 - Le film Film5 a bien été ajouté à la liste
2023-11-21 10:25:59 - Le film ('Drame', False) a bien été supprimé de la liste
2023-11-21 10:26:08 - Le film junior a bien été ajouté à la liste
2023-11-21 10:26:25 - Le film Spiderman a bien été ajouté à la liste
2023-11-21 10:26:25 - Le film Star Wars a bien été ajouté à la liste
2023-11-21 10:26:25 - Le film Scream a bien été ajouté à la liste
2023-11-21 10:26:25 - Le film Film3 a bien été ajouté à la liste
2023-11-21 10:26:25 - Le film Film4 a bien été ajouté à la liste
2023-11-21 10:26:25 - Le film Film5 a bien été ajouté à la liste
2023-11-21 10:26:25 - Le film ('Drame', False) a bien été supprimé de la liste
2023-11-21 10:26:31 - Le film zizi a bien été ajouté à la liste
2023-11-21 10:28:42 - Le film Spiderman a bien été ajouté à la liste
2023-11-21 10:28:42 - Le film Star Wars a bien été ajouté à la liste
2023-11-21 10:28:42 - Le film Scream a bien été ajouté à la liste
2023-11-21 10:28:42 - Le film Film3 a bien été ajouté à la liste
2023-11-21 10:28:42 - Le film Film4 a bien été ajouté à la liste
2023-11-21 10:28:42 - Le film Film5 a bien été ajouté à la liste
2023-11-21 10:28:42 - Le film ('Drame', False) a bien été supprimé de la liste
2023-11-21 10:29:52 - Le film 'caca' existe pas et peut pas etre supprime
2023-11-21 10:31:54 - Le film Spiderman a bien été ajouté à la liste
2023-11-21 10:31:54 - Le film Star Wars a bien été ajouté à la liste
2023-11-21 10:31:54 - Le film Scream a bien été ajouté à la liste
2023-11-21 10:31:54 - Le film Film3 a bien été ajouté à la liste
2023-11-21 10:31:54 - Le film Film4 a bien été ajouté à la liste
2023-11-21 10:31:54 - Le film Film5 a bien été ajouté à la liste
2023-11-21 10:31:54 - Le film ('Drame', False) a bien été supprimé de la liste
2023-11-21 10:35:19 - Le film a a bien été ajouté à la liste
2023-11-21 10:35:47 - Le film Spiderman a bien été ajouté à la liste
2023-11-21 10:35:47 - Le film Star Wars a bien été ajouté à la liste
2023-11-21 10:35:47 - Le film Scream a bien été ajouté à la liste
2023-11-21 10:35:47 - Le film Film3 a bien été ajouté à la liste
2023-11-21 10:35:47 - Le film Film4 a bien été ajouté à la liste
2023-11-21 10:35:47 - Le film Film5 a bien été ajouté à la liste
2023-11-21 10:36:24 - Le film Spiderman a bien été ajouté à la liste
2023-11-21 10:36:24 - Le film Star Wars a bien été ajouté à la liste
2023-11-21 10:36:24 - Le film Scream a bien été ajouté à la liste
2023-11-21 10:36:24 - Le film Film3 a bien été ajouté à la liste
2023-11-21 10:36:24 - Le film Film4 a bien été ajouté à la liste
2023-11-21 10:36:24 - Le film Film5 a bien été ajouté à la liste
2023-11-21 10:38:05 - Le film Spiderman a bien été ajouté à la liste
2023-11-21 10:38:05 - Le film Star Wars a bien été ajouté à la liste
2023-11-21 10:38:05 - Le film Scream a bien été ajouté à la liste
2023-11-21 10:38:05 - Le film Film3 a bien été ajouté à la liste
2023-11-21 10:38:05 - Le film Film4 a bien été ajouté à la liste
2023-11-21 10:38:05 - Le film Film5 a bien été ajouté à la liste
2023-11-21 10:38:35 - Le film Spiderman a bien été ajouté à la liste
2023-11-21 10:38:35 - Le film Star Wars a bien été ajouté à la liste
2023-11-21 10:38:35 - Le film Scream a bien été ajouté à la liste
2023-11-21 10:38:35 - Le film Film3 a bien été ajouté à la liste
2023-11-21 10:38:35 - Le film Film4 a bien été ajouté à la liste
2023-11-21 10:38:35 - Le film Film5 a bien été ajouté à la liste
2023-11-21 10:39:53 - Le film Spiderman a bien été ajouté à la liste
2023-11-21 10:39:53 - Le film Star Wars a bien été ajouté à la liste
2023-11-21 10:39:53 - Le film Scream a bien été ajouté à la liste
2023-11-21 10:39:53 - Le film Film3 a bien été ajouté à la liste
2023-11-21 10:39:53 - Le film Film4 a bien été ajouté à la liste
2023-11-21 10:39:53 - Le film Film5 a bien été ajouté à la liste
2023-11-21 10:40:57 - Le film Spiderman a bien été ajouté à la liste
2023-11-21 10:40:57 - Le film Star Wars a bien été ajouté à la liste
2023-11-21 10:40:57 - Le film Scream a bien été ajouté à la liste
2023-11-21 10:40:57 - Le film Film3 a bien été ajouté à la liste
2023-11-21 10:40:57 - Le film Film4 a bien été ajouté à la liste
2023-11-21 10:40:57 - Le film Film5 a bien été ajouté à la liste
2023-11-21 10:41:07 - Le film jerome* a bien été ajouté à la liste
2023-11-21 10:42:36 - Le film favori a bien été ajouté à la liste
2023-11-21 11:16:55 - Le film cesar a bien été ajouté à la liste
2023-11-21 11:20:04 - Le film Spiderman a bien été ajouté à la liste
2023-11-21 11:20:04 - Le film Star Wars a bien été ajouté à la liste
2023-11-21 11:20:04 - Le film Scream a bien été ajouté à la liste
2023-11-21 11:20:04 - Le film Film3 a bien été ajouté à la liste
2023-11-21 11:20:04 - Le film Film4 a bien été ajouté à la liste
2023-11-21 11:20:04 - Le film Film5 a bien été ajouté à la liste
2023-11-21 11:20:47 - Le film Spiderman a bien été ajouté à la liste
2023-11-21 11:20:47 - Le film Star Wars a bien été ajouté à la liste
2023-11-21 11:20:47 - Le film Scream a bien été ajouté à la liste
2023-11-21 11:20:47 - Le film Film3 a bien été ajouté à la liste
2023-11-21 11:20:47 - Le film Film4 a bien été ajouté à la liste
2023-11-21 11:20:47 - Le film Film5 a bien été ajouté à la liste
2023-11-21 11:21:53 - Le film Spiderman a bien été ajouté à la liste
2023-11-21 11:21:53 - Le film Star Wars a bien été ajouté à la liste
2023-11-21 11:21:53 - Le film Scream a bien été ajouté à la liste
2023-11-21 11:21:53 - Le film Film3 a bien été ajouté à la liste
2023-11-21 11:21:53 - Le film Film4 a bien été ajouté à la liste
2023-11-21 11:21:53 - Le film Film5 a bien été ajouté à la liste
2023-11-21 11:23:27 - Le film ('Horreur', False) a bien été supprimé de la liste
2023-11-21 11:23:44 - Le film 'Spider Man' existe pas et peut pas etre supprime